<?xml version="1.0" encoding="UTF-8"?>
<!-- Generated by org.testng.reporters.JUnitReportReporter -->
<testsuite hostname="LAPTOP-22IB8IBB" failures="0" tests="1" name="QSP.DemoQSP" time="0.016" errors="0" timestamp="15 Dec 2017 11:01:37 GMT" skipped="0">
  <testcase classname="QSP.DemoQSP" name="testQSP" time="0.016"/>
</testsuite> <!-- QSP.DemoQSP -->
