<?xml version="1.0" encoding="UTF-8"?>
<!-- Generated by org.testng.reporters.JUnitReportReporter -->
<testsuite hostname="LAPTOP-22IB8IBB" failures="0" tests="1" name="testNGPROGRAMS.DemoQSP" time="0.034" errors="0" timestamp="20 Dec 2017 11:29:27 GMT" skipped="0">
  <testcase classname="testNGPROGRAMS.DemoQSP" name="testQSP" time="0.034"/>
</testsuite> <!-- testNGPROGRAMS.DemoQSP -->
